[2012-05-14 11:41:52] request.ERROR: Symfony\Component\HttpKernel\Exception\NotFoundHttpException: No route found for "GET /" (uncaught exception) at /home/tt/projects/Symfony/vendor/symfony/src/Symfony/Bundle/FrameworkBundle/EventListener/RouterListener.php line 83 [] []
[2012-05-14 13:11:44] request.ERROR: Symfony\Component\HttpKernel\Exception\NotFoundHttpException: No route found for "GET /demo/hello/World" (uncaught exception) at /home/tt/projects/Symfony/vendor/symfony/src/Symfony/Bundle/FrameworkBundle/EventListener/RouterListener.php line 83 [] []
[2012-05-14 13:11:48] request.ERROR: Symfony\Component\HttpKernel\Exception\NotFoundHttpException: No route found for "GET /" (uncaught exception) at /home/tt/projects/Symfony/app/cache/prod/classes.php line 4564 [] []
[2012-05-14 13:14:58] request.ERROR: Symfony\Component\HttpKernel\Exception\NotFoundHttpException: No route found for "GET /" (uncaught exception) at /home/tt/projects/Symfony/app/cache/prod/classes.php line 4564 [] []
[2012-05-14 13:14:59] request.ERROR: Symfony\Component\HttpKernel\Exception\NotFoundHttpException: No route found for "GET /" (uncaught exception) at /home/tt/projects/Symfony/app/cache/prod/classes.php line 4564 [] []
[2012-05-14 13:14:59] request.ERROR: Symfony\Component\HttpKernel\Exception\NotFoundHttpException: No route found for "GET /" (uncaught exception) at /home/tt/projects/Symfony/app/cache/prod/classes.php line 4564 [] []
[2012-05-14 13:16:26] request.ERROR: Symfony\Component\HttpKernel\Exception\NotFoundHttpException: No route found for "GET /" (uncaught exception) at /home/tt/projects/Symfony/app/cache/prod/classes.php line 4564 [] []
[2012-05-14 13:38:40] request.ERROR: Symfony\Component\HttpKernel\Exception\NotFoundHttpException: No route found for "GET /" (uncaught exception) at /home/tt/projects/Symfony/app/cache/prod/classes.php line 4564 [] []
[2012-05-14 13:38:44] request.ERROR: Symfony\Component\HttpKernel\Exception\NotFoundHttpException: No route found for "GET /" (uncaught exception) at /home/tt/projects/Symfony/app/cache/prod/classes.php line 4564 [] []
[2012-05-14 13:54:13] request.ERROR: Symfony\Component\HttpKernel\Exception\NotFoundHttpException: No route found for "GET /" (uncaught exception) at /home/tt/projects/Symfony/app/cache/prod/classes.php line 4564 [] []
[2012-05-14 14:15:32] request.ERROR: Symfony\Component\HttpKernel\Exception\NotFoundHttpException: No route found for "GET /demo/hello/World" (uncaught exception) at /home/tt/projects/Symfony/app/cache/prod/classes.php line 4564 [] []
[2012-05-14 14:15:57] request.ERROR: Symfony\Component\HttpKernel\Exception\NotFoundHttpException: No route found for "GET /demo/hello/World" (uncaught exception) at /home/tt/projects/Symfony/app/cache/prod/classes.php line 4564 [] []
[2012-05-14 14:17:01] request.ERROR: Symfony\Component\HttpKernel\Exception\NotFoundHttpException: No route found for "GET /demo/hello/World" (uncaught exception) at /home/tt/projects/Symfony/app/cache/prod/classes.php line 4564 [] []
[2012-05-14 16:27:50] request.ERROR: Symfony\Component\HttpKernel\Exception\NotFoundHttpException: No route found for "GET /demo/hello/World" (uncaught exception) at /home/tt/projects/Symfony/app/cache/prod/classes.php line 4564 [] []
[2012-05-14 16:27:51] request.ERROR: Symfony\Component\HttpKernel\Exception\NotFoundHttpException: No route found for "GET /demo/hello/World" (uncaught exception) at /home/tt/projects/Symfony/app/cache/prod/classes.php line 4564 [] []
[2012-05-14 16:27:51] request.ERROR: Symfony\Component\HttpKernel\Exception\NotFoundHttpException: No route found for "GET /demo/hello/World" (uncaught exception) at /home/tt/projects/Symfony/app/cache/prod/classes.php line 4564 [] []
[2012-05-14 16:27:52] request.ERROR: Symfony\Component\HttpKernel\Exception\NotFoundHttpException: No route found for "GET /demo/hello/World" (uncaught exception) at /home/tt/projects/Symfony/app/cache/prod/classes.php line 4564 [] []
[2012-05-14 16:27:52] request.ERROR: Symfony\Component\HttpKernel\Exception\NotFoundHttpException: No route found for "GET /demo/hello/World" (uncaught exception) at /home/tt/projects/Symfony/app/cache/prod/classes.php line 4564 [] []
[2012-05-14 16:27:53] request.ERROR: Symfony\Component\HttpKernel\Exception\NotFoundHttpException: No route found for "GET /demo/hello/World" (uncaught exception) at /home/tt/projects/Symfony/app/cache/prod/classes.php line 4564 [] []
[2012-05-14 16:55:45] request.ERROR: Symfony\Component\HttpKernel\Exception\NotFoundHttpException: No route found for "GET /demo/hello/World" (uncaught exception) at /home/tt/projects/Symfony/app/cache/prod/classes.php line 4564 [] []
[2012-05-14 16:55:46] request.ERROR: Symfony\Component\HttpKernel\Exception\NotFoundHttpException: No route found for "GET /demo/hello/World" (uncaught exception) at /home/tt/projects/Symfony/app/cache/prod/classes.php line 4564 [] []
[2012-05-14 16:55:46] request.ERROR: Symfony\Component\HttpKernel\Exception\NotFoundHttpException: No route found for "GET /demo/hello/World" (uncaught exception) at /home/tt/projects/Symfony/app/cache/prod/classes.php line 4564 [] []
[2012-05-14 16:55:47] request.ERROR: Symfony\Component\HttpKernel\Exception\NotFoundHttpException: No route found for "GET /demo/hello/World" (uncaught exception) at /home/tt/projects/Symfony/app/cache/prod/classes.php line 4564 [] []
[2012-05-14 17:40:48] event.DEBUG: Notified event "kernel.request" to listener "Symfony\Bundle\FrameworkBundle\EventListener\RouterListener::onEarlyKernelRequest". [] []
[2012-05-14 17:40:48] event.DEBUG: Notified event "kernel.request" to listener "Symfony\Bundle\FrameworkBundle\EventListener\SessionListener::onKernelRequest". [] []
[2012-05-14 17:40:48] event.DEBUG: Notified event "kernel.request" to listener "Symfony\Component\Security\Http\Firewall::onKernelRequest". [] []
[2012-05-14 17:40:48] event.DEBUG: Notified event "kernel.request" to listener "Symfony\Bundle\FrameworkBundle\EventListener\RouterListener::onKernelRequest". [] []
[2012-05-14 17:40:48] event.DEBUG: Notified event "kernel.exception" to listener "Symfony\Component\HttpKernel\EventListener\ExceptionListener::onKernelException". [] []
[2012-05-14 17:40:48] request.ERROR: Symfony\Component\HttpKernel\Exception\NotFoundHttpException: No route found for "GET /" (uncaught exception) at /home/tt/projects/Symfony/vendor/symfony/src/Symfony/Bundle/FrameworkBundle/EventListener/RouterListener.php line 83 [] []
[2012-05-14 17:40:48] event.DEBUG: Notified event "kernel.request" to listener "Symfony\Bundle\FrameworkBundle\EventListener\RouterListener::onEarlyKernelRequest". [] []
[2012-05-14 17:40:48] event.DEBUG: Notified event "kernel.request" to listener "Symfony\Bundle\FrameworkBundle\EventListener\SessionListener::onKernelRequest". [] []
[2012-05-14 17:40:48] event.DEBUG: Notified event "kernel.request" to listener "Symfony\Component\Security\Http\Firewall::onKernelRequest". [] []
[2012-05-14 17:40:48] event.DEBUG: Notified event "kernel.request" to listener "Symfony\Bundle\FrameworkBundle\EventListener\RouterListener::onKernelRequest". [] []
[2012-05-14 17:40:48] event.DEBUG: Notified event "kernel.controller" to listener "Sensio\Bundle\FrameworkExtraBundle\EventListener\ControllerListener::onKernelController". [] []
[2012-05-14 17:40:48] event.DEBUG: Notified event "kernel.controller" to listener "Sensio\Bundle\FrameworkExtraBundle\EventListener\ParamConverterListener::onKernelController". [] []
[2012-05-14 17:40:48] event.DEBUG: Notified event "kernel.controller" to listener "Sensio\Bundle\FrameworkExtraBundle\EventListener\TemplateListener::onKernelController". [] []
[2012-05-14 17:40:48] event.DEBUG: Notified event "kernel.controller" to listener "JMS\SecurityExtraBundle\Controller\ControllerListener::onCoreController". [] []
[2012-05-14 17:40:48] event.DEBUG: Notified event "kernel.response" to listener "Symfony\Component\HttpKernel\EventListener\ResponseListener::onKernelResponse". [] []
[2012-05-14 17:40:48] event.DEBUG: Notified event "kernel.response" to listener "Symfony\Bundle\SecurityBundle\EventListener\ResponseListener::onKernelResponse". [] []
[2012-05-14 17:40:48] event.DEBUG: Notified event "kernel.response" to listener "Sensio\Bundle\FrameworkExtraBundle\EventListener\CacheListener::onKernelResponse". [] []
[2012-05-14 17:40:48] event.DEBUG: Listener "Symfony\Component\HttpKernel\EventListener\ExceptionListener::onKernelException" stopped propagation of the event "kernel.exception". [] []
[2012-05-14 17:40:48] event.DEBUG: Notified event "kernel.response" to listener "Symfony\Component\HttpKernel\EventListener\ResponseListener::onKernelResponse". [] []
[2012-05-14 17:40:48] event.DEBUG: Notified event "kernel.response" to listener "Symfony\Bundle\SecurityBundle\EventListener\ResponseListener::onKernelResponse". [] []
[2012-05-14 17:40:48] event.DEBUG: Notified event "kernel.response" to listener "Sensio\Bundle\FrameworkExtraBundle\EventListener\CacheListener::onKernelResponse". [] []
[2012-05-14 17:42:30] event.DEBUG: Notified event "kernel.request" to listener "Symfony\Bundle\FrameworkBundle\EventListener\RouterListener::onEarlyKernelRequest". [] []
[2012-05-14 17:42:30] event.DEBUG: Notified event "kernel.request" to listener "Symfony\Bundle\FrameworkBundle\EventListener\SessionListener::onKernelRequest". [] []
[2012-05-14 17:42:30] event.DEBUG: Notified event "kernel.request" to listener "Symfony\Component\Security\Http\Firewall::onKernelRequest". [] []
[2012-05-14 17:42:30] event.DEBUG: Notified event "kernel.request" to listener "Symfony\Bundle\FrameworkBundle\EventListener\RouterListener::onKernelRequest". [] []
[2012-05-14 17:42:30] request.INFO: Matched route "_welcome" (parameters: "_controller": "AcmeDemoBundle:Default:index", "_route": "_welcome") [] []
[2012-05-14 17:42:30] event.DEBUG: Notified event "kernel.exception" to listener "Symfony\Component\HttpKernel\EventListener\ExceptionListener::onKernelException". [] []
[2012-05-14 17:42:30] request.CRITICAL: InvalidArgumentException: Bundle "AcmeDemoBundle" does not exist or it is not enabled. Maybe you forgot to add it in the registerBundles() function of your AppKernel.php file? (uncaught exception) at /home/tt/projects/Symfony/app/bootstrap.php.cache line 578 [] []
[2012-05-14 17:42:30] event.DEBUG: Notified event "kernel.request" to listener "Symfony\Bundle\FrameworkBundle\EventListener\RouterListener::onEarlyKernelRequest". [] []
[2012-05-14 17:42:30] event.DEBUG: Notified event "kernel.request" to listener "Symfony\Bundle\FrameworkBundle\EventListener\SessionListener::onKernelRequest". [] []
[2012-05-14 17:42:30] event.DEBUG: Notified event "kernel.request" to listener "Symfony\Component\Security\Http\Firewall::onKernelRequest". [] []
[2012-05-14 17:42:30] event.DEBUG: Notified event "kernel.request" to listener "Symfony\Bundle\FrameworkBundle\EventListener\RouterListener::onKernelRequest". [] []
[2012-05-14 17:42:30] event.DEBUG: Notified event "kernel.controller" to listener "Sensio\Bundle\FrameworkExtraBundle\EventListener\ControllerListener::onKernelController". [] []
[2012-05-14 17:42:30] event.DEBUG: Notified event "kernel.controller" to listener "Sensio\Bundle\FrameworkExtraBundle\EventListener\ParamConverterListener::onKernelController". [] []
[2012-05-14 17:42:30] event.DEBUG: Notified event "kernel.controller" to listener "Sensio\Bundle\FrameworkExtraBundle\EventListener\TemplateListener::onKernelController". [] []
[2012-05-14 17:42:30] event.DEBUG: Notified event "kernel.controller" to listener "JMS\SecurityExtraBundle\Controller\ControllerListener::onCoreController". [] []
[2012-05-14 17:42:30] event.DEBUG: Notified event "kernel.response" to listener "Symfony\Component\HttpKernel\EventListener\ResponseListener::onKernelResponse". [] []
[2012-05-14 17:42:30] event.DEBUG: Notified event "kernel.response" to listener "Symfony\Bundle\SecurityBundle\EventListener\ResponseListener::onKernelResponse". [] []
[2012-05-14 17:42:30] event.DEBUG: Notified event "kernel.response" to listener "Sensio\Bundle\FrameworkExtraBundle\EventListener\CacheListener::onKernelResponse". [] []
[2012-05-14 17:42:30] event.DEBUG: Listener "Symfony\Component\HttpKernel\EventListener\ExceptionListener::onKernelException" stopped propagation of the event "kernel.exception". [] []
[2012-05-14 17:42:30] event.DEBUG: Notified event "kernel.response" to listener "Symfony\Component\HttpKernel\EventListener\ResponseListener::onKernelResponse". [] []
[2012-05-14 17:42:30] event.DEBUG: Notified event "kernel.response" to listener "Symfony\Bundle\SecurityBundle\EventListener\ResponseListener::onKernelResponse". [] []
[2012-05-14 17:42:30] event.DEBUG: Notified event "kernel.response" to listener "Sensio\Bundle\FrameworkExtraBundle\EventListener\CacheListener::onKernelResponse". [] []
[2012-05-14 17:42:39] event.DEBUG: Notified event "kernel.request" to listener "Symfony\Bundle\FrameworkBundle\EventListener\RouterListener::onEarlyKernelRequest". [] []
[2012-05-14 17:42:39] event.DEBUG: Notified event "kernel.request" to listener "Symfony\Bundle\FrameworkBundle\EventListener\SessionListener::onKernelRequest". [] []
[2012-05-14 17:42:39] event.DEBUG: Notified event "kernel.request" to listener "Symfony\Component\Security\Http\Firewall::onKernelRequest". [] []
[2012-05-14 17:42:39] event.DEBUG: Notified event "kernel.request" to listener "Symfony\Bundle\FrameworkBundle\EventListener\RouterListener::onKernelRequest". [] []
[2012-05-14 17:42:39] request.INFO: Matched route "_welcome" (parameters: "_controller": "Acme\HelloBundle\Controller\DefaultController::indexAction", "_route": "_welcome") [] []
[2012-05-14 17:42:39] event.DEBUG: Notified event "kernel.controller" to listener "Sensio\Bundle\FrameworkExtraBundle\EventListener\ControllerListener::onKernelController". [] []
[2012-05-14 17:42:39] event.DEBUG: Notified event "kernel.controller" to listener "Sensio\Bundle\FrameworkExtraBundle\EventListener\ParamConverterListener::onKernelController". [] []
[2012-05-14 17:42:39] event.DEBUG: Notified event "kernel.controller" to listener "Sensio\Bundle\FrameworkExtraBundle\EventListener\TemplateListener::onKernelController". [] []
[2012-05-14 17:42:39] event.DEBUG: Notified event "kernel.controller" to listener "JMS\SecurityExtraBundle\Controller\ControllerListener::onCoreController". [] []
[2012-05-14 17:42:39] event.DEBUG: Notified event "kernel.exception" to listener "Symfony\Component\HttpKernel\EventListener\ExceptionListener::onKernelException". [] []
[2012-05-14 17:42:39] request.CRITICAL: RuntimeException: Controller "Acme\HelloBundle\Controller\DefaultController::indexAction()" requires that you provide a value for the "$name" argument (because there is no default value or because there is a non optional argument after this one). (uncaught exception) at /home/tt/projects/Symfony/app/cache/prod/classes.php line 4128 [] []
[2012-05-14 17:42:39] event.DEBUG: Notified event "kernel.request" to listener "Symfony\Bundle\FrameworkBundle\EventListener\RouterListener::onEarlyKernelRequest". [] []
[2012-05-14 17:42:39] event.DEBUG: Notified event "kernel.request" to listener "Symfony\Bundle\FrameworkBundle\EventListener\SessionListener::onKernelRequest". [] []
[2012-05-14 17:42:39] event.DEBUG: Notified event "kernel.request" to listener "Symfony\Component\Security\Http\Firewall::onKernelRequest". [] []
[2012-05-14 17:42:39] event.DEBUG: Notified event "kernel.request" to listener "Symfony\Bundle\FrameworkBundle\EventListener\RouterListener::onKernelRequest". [] []
[2012-05-14 17:42:39] event.DEBUG: Notified event "kernel.controller" to listener "Sensio\Bundle\FrameworkExtraBundle\EventListener\ControllerListener::onKernelController". [] []
[2012-05-14 17:42:39] event.DEBUG: Notified event "kernel.controller" to listener "Sensio\Bundle\FrameworkExtraBundle\EventListener\ParamConverterListener::onKernelController". [] []
[2012-05-14 17:42:39] event.DEBUG: Notified event "kernel.controller" to listener "Sensio\Bundle\FrameworkExtraBundle\EventListener\TemplateListener::onKernelController". [] []
[2012-05-14 17:42:39] event.DEBUG: Notified event "kernel.controller" to listener "JMS\SecurityExtraBundle\Controller\ControllerListener::onCoreController". [] []
[2012-05-14 17:42:40] event.DEBUG: Notified event "kernel.response" to listener "Symfony\Component\HttpKernel\EventListener\ResponseListener::onKernelResponse". [] []
[2012-05-14 17:42:40] event.DEBUG: Notified event "kernel.response" to listener "Symfony\Bundle\SecurityBundle\EventListener\ResponseListener::onKernelResponse". [] []
[2012-05-14 17:42:40] event.DEBUG: Notified event "kernel.response" to listener "Sensio\Bundle\FrameworkExtraBundle\EventListener\CacheListener::onKernelResponse". [] []
[2012-05-14 17:42:40] event.DEBUG: Listener "Symfony\Component\HttpKernel\EventListener\ExceptionListener::onKernelException" stopped propagation of the event "kernel.exception". [] []
[2012-05-14 17:42:40] event.DEBUG: Notified event "kernel.response" to listener "Symfony\Component\HttpKernel\EventListener\ResponseListener::onKernelResponse". [] []
[2012-05-14 17:42:40] event.DEBUG: Notified event "kernel.response" to listener "Symfony\Bundle\SecurityBundle\EventListener\ResponseListener::onKernelResponse". [] []
[2012-05-14 17:42:40] event.DEBUG: Notified event "kernel.response" to listener "Sensio\Bundle\FrameworkExtraBundle\EventListener\CacheListener::onKernelResponse". [] []
